\BOOKMARK [0][-]{section*.2}{Elenco delle tabelle}{}% 1
\BOOKMARK [0][-]{section*.3}{Elenco delle figure}{}% 2
\BOOKMARK [0][-]{chapter.1}{Introduzione}{}% 3
\BOOKMARK [0][-]{chapter.2}{Revisione della letteratura}{}% 4
\BOOKMARK [0][-]{chapter.3}{Sistema Quadrirotore}{}% 5
\BOOKMARK [1][-]{section.3.1}{Descrizione del drone}{chapter.3}% 6
\BOOKMARK [1][-]{section.3.2}{PX4 Autopilot}{chapter.3}% 7
\BOOKMARK [2][-]{subsection.3.2.1}{Architettura del software}{section.3.2}% 8
\BOOKMARK [2][-]{subsection.3.2.2}{Strumenti per lo sviluppo del codice}{section.3.2}% 9
\BOOKMARK [1][-]{section.3.3}{Modello matematico}{chapter.3}% 10
\BOOKMARK [2][-]{subsection.3.3.1}{Gazebo}{section.3.3}% 11
\BOOKMARK [1][-]{section.3.4}{Leggi di controllo}{chapter.3}% 12
\BOOKMARK [2][-]{subsection.3.4.1}{Controllore PID}{section.3.4}% 13
\BOOKMARK [1][-]{section.3.5}{Algoritmo di guida}{chapter.3}% 14
\BOOKMARK [0][-]{chapter.4}{Simulazioni}{}% 15
\BOOKMARK [1][-]{section.4.1}{Simulazione SITL}{chapter.4}% 16
\BOOKMARK [2][-]{subsection.4.1.1}{PID}{section.4.1}% 17
\BOOKMARK [2][-]{subsection.4.1.2}{SMC}{section.4.1}% 18
\BOOKMARK [2][-]{subsection.4.1.3}{Confronto}{section.4.1}% 19
\BOOKMARK [1][-]{section.4.2}{Conclusioni}{chapter.4}% 20
\BOOKMARK [0][-]{section.4.2}{Bibliografia}{}% 21
